<?xml version="1.0" encoding="UTF-8"?>
<testsuites>
    <testsuite name="force.apex" timestamp="2020-07-13T22:09:51-06:00" hostname="https://playful-shark-cj0qnn-dev-ed.my.salesforce.com" tests="1" failures="1"  errors="0"  time="0.01">
        <properties>
            <property name="outcome" value="Failed"/>
            <property name="testsRan" value="1"/>
            <property name="passing" value="0"/>
            <property name="failing" value="1"/>
            <property name="skipped" value="0"/>
            <property name="passRate" value="0%"/>
            <property name="failRate" value="100%"/>
            <property name="testStartTime" value="Jul 13, 2020 10:09 PM"/>
            <property name="testExecutionTime" value="0.01 s"/>
            <property name="testTotalTime" value="0.01 s"/>
            <property name="commandTime" value="3.3 s"/>
            <property name="hostname" value="https://playful-shark-cj0qnn-dev-ed.my.salesforce.com"/>
            <property name="orgId" value="00D5w0000050VTsEAM"/>
            <property name="username" value="musicmanmorris@playful-shark-cj0qnn.com"/>
            <property name="testRunId" value="7075w0000AwkpHw"/>
            <property name="userId" value="0055w00000C3LSYAA3"/>
            <property name="testRunCoverage" value="NaN%"/>
            <property name="orgWideCoverage" value="0%"/>
        </properties>
        <testcase name="testInvalidName" classname="TestRestrictContactByName" time="0.01">
            <failure message="System.AssertException: Assertion Failed: Expected: The Last Name &quot;INVALIDNAME&quot; is not allowed for DML, Actual: INVALIDNAME"><![CDATA[Class.TestRestrictContactByName.testInvalidName: line 5, column 1]]></failure>
        </testcase>
    </testsuite>
</testsuites>
