<?xml version="1.0" encoding="UTF-8"?>
<testsuites>
    <testsuite name="force.apex" timestamp="2020-07-13T22:36:07-06:00" hostname="https://playful-shark-cj0qnn-dev-ed.my.salesforce.com" tests="4" failures="0"  errors="0"  time="4.68">
        <properties>
            <property name="outcome" value="Passed"/>
            <property name="testsRan" value="4"/>
            <property name="passing" value="4"/>
            <property name="failing" value="0"/>
            <property name="skipped" value="0"/>
            <property name="passRate" value="100%"/>
            <property name="failRate" value="0%"/>
            <property name="testStartTime" value="Jul 13, 2020 10:36 PM"/>
            <property name="testExecutionTime" value="4.68 s"/>
            <property name="testTotalTime" value="4.68 s"/>
            <property name="commandTime" value="9.27 s"/>
            <property name="hostname" value="https://playful-shark-cj0qnn-dev-ed.my.salesforce.com"/>
            <property name="orgId" value="00D5w0000050VTsEAM"/>
            <property name="username" value="musicmanmorris@playful-shark-cj0qnn.com"/>
            <property name="testRunId" value="7075w0000Awkt8C"/>
            <property name="userId" value="0055w00000C3LSYAA3"/>
            <property name="testRunCoverage" value="85%"/>
            <property name="orgWideCoverage" value="7%"/>
        </properties>
        <testcase name="TestDeleteAccountWithNoOpportunities" classname="TestAccountDeletion" time="0.69">
        </testcase>
        <testcase name="TestDeleteAccountWithOneOpportunity" classname="TestAccountDeletion" time="0.14">
        </testcase>
        <testcase name="TestDeleteBulkAccountsWithNoOpportunities" classname="TestAccountDeletion" time="1.43">
        </testcase>
        <testcase name="TestDeleteBulkAccountsWithOneOpportunity" classname="TestAccountDeletion" time="2.42">
        </testcase>
    </testsuite>
</testsuites>
