<?xml version="1.0" encoding="UTF-8"?>
<testsuites>
    <testsuite name="force.apex" timestamp="2020-07-10T23:12:07-06:00" hostname="https://playful-shark-cj0qnn-dev-ed.my.salesforce.com" tests="4" failures="0"  errors="0"  time="0.04">
        <properties>
            <property name="outcome" value="Passed"/>
            <property name="testsRan" value="4"/>
            <property name="passing" value="4"/>
            <property name="failing" value="0"/>
            <property name="skipped" value="0"/>
            <property name="passRate" value="100%"/>
            <property name="failRate" value="0%"/>
            <property name="testStartTime" value="Jul 10, 2020 11:12 PM"/>
            <property name="testExecutionTime" value="0.04 s"/>
            <property name="testTotalTime" value="0.04 s"/>
            <property name="commandTime" value="5.48 s"/>
            <property name="hostname" value="https://playful-shark-cj0qnn-dev-ed.my.salesforce.com"/>
            <property name="orgId" value="00D5w0000050VTsEAM"/>
            <property name="username" value="musicmanmorris@playful-shark-cj0qnn.com"/>
            <property name="testRunId" value="7075w0000AuYa4N"/>
            <property name="userId" value="0055w00000C3LSYAA3"/>
        </properties>
        <testcase name="testBoilingPoint" classname="TemperatureConverterTest" time="0.03">
        </testcase>
        <testcase name="testFreezingPoint" classname="TemperatureConverterTest" time="0.01">
        </testcase>
        <testcase name="testNegativeTemp" classname="TemperatureConverterTest" time="0">
        </testcase>
        <testcase name="testWarmTemp" classname="TemperatureConverterTest" time="0">
        </testcase>
    </testsuite>
</testsuites>
