<?xml version="1.0" encoding="UTF-8"?>
<testsuites>
    <testsuite name="force.apex" timestamp="2020-07-11T00:24:59-06:00" hostname="https://playful-shark-cj0qnn-dev-ed.my.salesforce.com" tests="1" failures="0"  errors="0"  time="0.01">
        <properties>
            <property name="outcome" value="Passed"/>
            <property name="testsRan" value="1"/>
            <property name="passing" value="1"/>
            <property name="failing" value="0"/>
            <property name="skipped" value="0"/>
            <property name="passRate" value="100%"/>
            <property name="failRate" value="0%"/>
            <property name="testStartTime" value="Jul 11, 2020 12:24 AM"/>
            <property name="testExecutionTime" value="0.01 s"/>
            <property name="testTotalTime" value="0.01 s"/>
            <property name="commandTime" value="3.32 s"/>
            <property name="hostname" value="https://playful-shark-cj0qnn-dev-ed.my.salesforce.com"/>
            <property name="orgId" value="00D5w0000050VTsEAM"/>
            <property name="username" value="musicmanmorris@playful-shark-cj0qnn.com"/>
            <property name="testRunId" value="7075w0000AvEhKq"/>
            <property name="userId" value="0055w00000C3LSYAA3"/>
            <property name="testRunCoverage" value="61%"/>
            <property name="orgWideCoverage" value="17%"/>
        </properties>
        <testcase name="testUseDateTwo" classname="TestVerifyDate" time="0.01">
        </testcase>
    </testsuite>
</testsuites>
