<?xml version="1.0" encoding="UTF-8"?>
<testsuites>
    <testsuite name="force.apex" timestamp="2020-07-13T21:47:24-06:00" hostname="https://playful-shark-cj0qnn-dev-ed.my.salesforce.com" tests="1" failures="0"  errors="0"  time="1.13">
        <properties>
            <property name="outcome" value="Passed"/>
            <property name="testsRan" value="1"/>
            <property name="passing" value="1"/>
            <property name="failing" value="0"/>
            <property name="skipped" value="0"/>
            <property name="passRate" value="100%"/>
            <property name="failRate" value="0%"/>
            <property name="testStartTime" value="Jul 13, 2020 9:47 PM"/>
            <property name="testExecutionTime" value="1.13 s"/>
            <property name="testTotalTime" value="1.13 s"/>
            <property name="commandTime" value="5.19 s"/>
            <property name="hostname" value="https://playful-shark-cj0qnn-dev-ed.my.salesforce.com"/>
            <property name="orgId" value="00D5w0000050VTsEAM"/>
            <property name="username" value="musicmanmorris@playful-shark-cj0qnn.com"/>
            <property name="testRunId" value="7075w0000AwkmWa"/>
            <property name="userId" value="0055w00000C3LSYAA3"/>
            <property name="testRunCoverage" value="85%"/>
            <property name="orgWideCoverage" value="8%"/>
        </properties>
        <testcase name="TestDeleteAccountWithOneOpportunity" classname="TestAccountDeletion" time="1.13">
        </testcase>
    </testsuite>
</testsuites>
